# JRE version: OpenJDK Runtime Environment Temurin-17.0.6+10 (17.0.6+10) (build 17.0.6+10)
# Java VM: OpenJDK 64-Bit Server VM Temurin-17.0.6+10 (17.0.6+10, mixed mode, tiered, compressed oops, compressed class ptrs, g1 gc, linux-amd64)
GC Precious Log:
 CPUs: 12 total, 12 available
 Memory: 32020M
 Large Page Support: Disabled
 NUMA Support: Disabled
 Compressed Oops: Enabled (32-bit)
 Heap Region Size: 1M
 Heap Min Capacity: 64M
 Heap Initial Capacity: 64M
 Heap Max Capacity: 1G
 Pre-touch: Disabled
 Parallel Workers: 10
 Concurrent Workers: 3
 Concurrent Refinement Workers: 10
 Periodic GC: Disabled
Heap:
 garbage-first heap   total 124928K, used 94238K [0x00000000c0000000, 0x0000000100000000)
  region size 1024K, 43 young (44032K), 2 survivors (2048K)
 Metaspace       used 87521K, committed 89472K, reserved 1130496K
  class space    used 10938K, committed 11776K, reserved 1048576K
GC Heap History (20 events):
Event: 1,947 GC heap before
{Heap before GC invocations=10 (full 0):
 garbage-first heap   total 68608K, used 48582K [0x00000000c0000000, 0x0000000100000000)
  region size 1024K, 24 young (24576K), 4 survivors (4096K)
 Metaspace       used 48678K, committed 50048K, reserved 1097728K
  class space    used 5650K, committed 6208K, reserved 1048576K
}
Event: 1,949 GC heap after
{Heap after GC invocations=11 (full 0):
 garbage-first heap   total 68608K, used 31953K [0x00000000c0000000, 0x0000000100000000)
  region size 1024K, 3 young (3072K), 3 survivors (3072K)
 Metaspace       used 48678K, committed 50048K, reserved 1097728K
  class space    used 5650K, committed 6208K, reserved 1048576K
}
Event: 2,173 GC heap before
{Heap before GC invocations=11 (full 0):
 garbage-first heap   total 68608K, used 50385K [0x00000000c0000000, 0x0000000100000000)
  region size 1024K, 21 young (21504K), 3 survivors (3072K)
 Metaspace       used 51753K, committed 53184K, reserved 1097728K
  class space    used 6086K, committed 6656K, reserved 1048576K
}
Event: 2,175 GC heap after
{Heap after GC invocations=12 (full 0):
 garbage-first heap   total 124928K, used 35185K [0x00000000c0000000, 0x0000000100000000)
  region size 1024K, 3 young (3072K), 3 survivors (3072K)
 Metaspace       used 51753K, committed 53184K, reserved 1097728K
  class space    used 6086K, committed 6656K, reserved 1048576K
}
Event: 2,899 GC heap before
{Heap before GC invocations=12 (full 0):
 garbage-first heap   total 124928K, used 73073K [0x00000000c0000000, 0x0000000100000000)
  region size 1024K, 42 young (43008K), 3 survivors (3072K)
 Metaspace       used 59397K, committed 60928K, reserved 1105920K
  class space    used 7082K, committed 7744K, reserved 1048576K
}
Event: 2,901 GC heap after
{Heap after GC invocations=13 (full 0):
 garbage-first heap   total 124928K, used 39714K [0x00000000c0000000, 0x0000000100000000)
  region size 1024K, 7 young (7168K), 7 survivors (7168K)
 Metaspace       used 59397K, committed 60928K, reserved 1105920K
  class space    used 7082K, committed 7744K, reserved 1048576K
}
Event: 4,348 GC heap before
{Heap before GC invocations=14 (full 0):
 garbage-first heap   total 124928K, used 87842K [0x00000000c0000000, 0x0000000100000000)
  region size 1024K, 54 young (55296K), 7 survivors (7168K)
 Metaspace       used 70220K, committed 72000K, reserved 1114112K
  class space    used 8367K, committed 9152K, reserved 1048576K
}
Event: 4,351 GC heap after
{Heap after GC invocations=15 (full 0):
 garbage-first heap   total 124928K, used 43811K [0x00000000c0000000, 0x0000000100000000)
  region size 1024K, 6 young (6144K), 6 survivors (6144K)
 Metaspace       used 70220K, committed 72000K, reserved 1114112K
  class space    used 8367K, committed 9152K, reserved 1048576K
}
Event: 4,361 GC heap before
{Heap before GC invocations=15 (full 0):
 garbage-first heap   total 124928K, used 44835K [0x00000000c0000000, 0x0000000100000000)
  region size 1024K, 7 young (7168K), 6 survivors (6144K)
 Metaspace       used 70353K, committed 72064K, reserved 1114112K
  class space    used 8387K, committed 9152K, reserved 1048576K
}
Event: 4,362 GC heap after
{Heap after GC invocations=16 (full 0):
 garbage-first heap   total 124928K, used 42890K [0x00000000c0000000, 0x0000000100000000)
  region size 1024K, 1 young (1024K), 1 survivors (1024K)
 Metaspace       used 70353K, committed 72064K, reserved 1114112K
  class space    used 8387K, committed 9152K, reserved 1048576K
}
Event: 12,363 GC heap before
{Heap before GC invocations=16 (full 0):
 garbage-first heap   total 124928K, used 89994K [0x00000000c0000000, 0x0000000100000000)
  region size 1024K, 47 young (48128K), 1 survivors (1024K)
 Metaspace       used 76060K, committed 77888K, reserved 1122304K
  class space    used 9149K, committed 9920K, reserved 1048576K
}
Event: 12,365 GC heap after
{Heap after GC invocations=17 (full 0):
 garbage-first heap   total 124928K, used 48662K [0x00000000c0000000, 0x0000000100000000)
  region size 1024K, 6 young (6144K), 6 survivors (6144K)
 Metaspace       used 76060K, committed 77888K, reserved 1122304K
  class space    used 9149K, committed 9920K, reserved 1048576K
}
Event: 17,619 GC heap before
{Heap before GC invocations=17 (full 0):
 garbage-first heap   total 124928K, used 92694K [0x00000000c0000000, 0x0000000100000000)
  region size 1024K, 49 young (50176K), 6 survivors (6144K)
 Metaspace       used 82198K, committed 84096K, reserved 1130496K
  class space    used 10038K, committed 10880K, reserved 1048576K
}
Event: 17,621 GC heap after
{Heap after GC invocations=18 (full 0):
 garbage-first heap   total 124928K, used 51382K [0x00000000c0000000, 0x0000000100000000)
  region size 1024K, 5 young (5120K), 5 survivors (5120K)
 Metaspace       used 82198K, committed 84096K, reserved 1130496K
  class space    used 10038K, committed 10880K, reserved 1048576K
}
Event: 24,637 GC heap before
{Heap before GC invocations=18 (full 0):
 garbage-first heap   total 124928K, used 94390K [0x00000000c0000000, 0x0000000100000000)
  region size 1024K, 48 young (49152K), 5 survivors (5120K)
 Metaspace       used 86129K, committed 88064K, reserved 1130496K
  class space    used 10820K, committed 11648K, reserved 1048576K
}
Event: 24,639 GC heap after
{Heap after GC invocations=19 (full 0):
 garbage-first heap   total 124928K, used 54927K [0x00000000c0000000, 0x0000000100000000)
  region size 1024K, 6 young (6144K), 6 survivors (6144K)
 Metaspace       used 86129K, committed 88064K, reserved 1130496K
  class space    used 10820K, committed 11648K, reserved 1048576K
}
Event: 28,514 GC heap before
{Heap before GC invocations=19 (full 0):
 garbage-first heap   total 124928K, used 95887K [0x00000000c0000000, 0x0000000100000000)
  region size 1024K, 46 young (47104K), 6 survivors (6144K)
 Metaspace       used 86313K, committed 88192K, reserved 1130496K
  class space    used 10823K, committed 11648K, reserved 1048576K
}
Event: 28,515 GC heap after
{Heap after GC invocations=20 (full 0):
 garbage-first heap   total 124928K, used 53433K [0x00000000c0000000, 0x0000000100000000)
  region size 1024K, 2 young (2048K), 2 survivors (2048K)
 Metaspace       used 86313K, committed 88192K, reserved 1130496K
  class space    used 10823K, committed 11648K, reserved 1048576K
}
Event: 30,624 GC heap before
{Heap before GC invocations=20 (full 0):
 garbage-first heap   total 124928K, used 97465K [0x00000000c0000000, 0x0000000100000000)
  region size 1024K, 45 young (46080K), 2 survivors (2048K)
 Metaspace       used 86726K, committed 88640K, reserved 1130496K
  class space    used 10871K, committed 11712K, reserved 1048576K
}
Event: 30,625 GC heap after
{Heap after GC invocations=21 (full 0):
 garbage-first heap   total 124928K, used 53278K [0x00000000c0000000, 0x0000000100000000)
  region size 1024K, 2 young (2048K), 2 survivors (2048K)
 Metaspace       used 86726K, committed 88640K, reserved 1130496K
  class space    used 10871K, committed 11712K, reserved 1048576K
}

