# JRE version: OpenJDK Runtime Environment Temurin-17.0.6+10 (17.0.6+10) (build 17.0.6+10)
# Java VM: OpenJDK 64-Bit Server VM Temurin-17.0.6+10 (17.0.6+10, mixed mode, tiered, compressed oops, compressed class ptrs, g1 gc, linux-amd64)
GC Precious Log:
 CPUs: 12 total, 12 available
 Memory: 32020M
 Large Page Support: Disabled
 NUMA Support: Disabled
 Compressed Oops: Enabled (32-bit)
 Heap Region Size: 1M
 Heap Min Capacity: 64M
 Heap Initial Capacity: 64M
 Heap Max Capacity: 1G
 Pre-touch: Disabled
 Parallel Workers: 10
 Concurrent Workers: 3
 Concurrent Refinement Workers: 10
 Periodic GC: Disabled
Heap:
 garbage-first heap   total 107520K, used 62896K [0x00000000c0000000, 0x0000000100000000)
  region size 1024K, 13 young (13312K), 3 survivors (3072K)
 Metaspace       used 89414K, committed 91264K, reserved 1130496K
  class space    used 11200K, committed 12032K, reserved 1048576K
GC Heap History (20 events):
Event: 23,744 GC heap before
{Heap before GC invocations=26 (full 0):
 garbage-first heap   total 99328K, used 76439K [0x00000000c0000000, 0x0000000100000000)
  region size 1024K, 31 young (31744K), 4 survivors (4096K)
 Metaspace       used 86970K, committed 88832K, reserved 1130496K
  class space    used 10942K, committed 11776K, reserved 1048576K
}
Event: 23,746 GC heap after
{Heap after GC invocations=27 (full 0):
 garbage-first heap   total 99328K, used 53097K [0x00000000c0000000, 0x0000000100000000)
  region size 1024K, 4 young (4096K), 4 survivors (4096K)
 Metaspace       used 86970K, committed 88832K, reserved 1130496K
  class space    used 10942K, committed 11776K, reserved 1048576K
}
Event: 28,049 GC heap before
{Heap before GC invocations=27 (full 0):
 garbage-first heap   total 99328K, used 78697K [0x00000000c0000000, 0x0000000100000000)
  region size 1024K, 29 young (29696K), 4 survivors (4096K)
 Metaspace       used 87722K, committed 89600K, reserved 1130496K
  class space    used 11013K, committed 11840K, reserved 1048576K
}
Event: 28,050 GC heap after
{Heap after GC invocations=28 (full 0):
 garbage-first heap   total 99328K, used 53247K [0x00000000c0000000, 0x0000000100000000)
  region size 1024K, 3 young (3072K), 3 survivors (3072K)
 Metaspace       used 87722K, committed 89600K, reserved 1130496K
  class space    used 11013K, committed 11840K, reserved 1048576K
}
Event: 28,824 GC heap before
{Heap before GC invocations=29 (full 0):
 garbage-first heap   total 107520K, used 78847K [0x00000000c0000000, 0x0000000100000000)
  region size 1024K, 28 young (28672K), 3 survivors (3072K)
 Metaspace       used 87751K, committed 89600K, reserved 1130496K
  class space    used 11013K, committed 11840K, reserved 1048576K
}
Event: 28,824 GC heap after
{Heap after GC invocations=30 (full 0):
 garbage-first heap   total 107520K, used 51942K [0x00000000c0000000, 0x0000000100000000)
  region size 1024K, 1 young (1024K), 1 survivors (1024K)
 Metaspace       used 87751K, committed 89600K, reserved 1130496K
  class space    used 11013K, committed 11840K, reserved 1048576K
}
Event: 28,912 GC heap before
{Heap before GC invocations=30 (full 0):
 garbage-first heap   total 107520K, used 56038K [0x00000000c0000000, 0x0000000100000000)
  region size 1024K, 5 young (5120K), 1 survivors (1024K)
 Metaspace       used 87759K, committed 89600K, reserved 1130496K
  class space    used 11013K, committed 11840K, reserved 1048576K
}
Event: 28,913 GC heap after
{Heap after GC invocations=31 (full 0):
 garbage-first heap   total 107520K, used 51067K [0x00000000c0000000, 0x0000000100000000)
  region size 1024K, 1 young (1024K), 1 survivors (1024K)
 Metaspace       used 87759K, committed 89600K, reserved 1130496K
  class space    used 11013K, committed 11840K, reserved 1048576K
}
Event: 30,377 GC heap before
{Heap before GC invocations=31 (full 0):
 garbage-first heap   total 107520K, used 85883K [0x00000000c0000000, 0x0000000100000000)
  region size 1024K, 35 young (35840K), 1 survivors (1024K)
 Metaspace       used 87830K, committed 89664K, reserved 1130496K
  class space    used 11016K, committed 11840K, reserved 1048576K
}
Event: 30,377 GC heap after
{Heap after GC invocations=32 (full 0):
 garbage-first heap   total 107520K, used 51131K [0x00000000c0000000, 0x0000000100000000)
  region size 1024K, 1 young (1024K), 1 survivors (1024K)
 Metaspace       used 87830K, committed 89664K, reserved 1130496K
  class space    used 11016K, committed 11840K, reserved 1048576K
}
Event: 34,104 GC heap before
{Heap before GC invocations=32 (full 0):
 garbage-first heap   total 107520K, used 86971K [0x00000000c0000000, 0x0000000100000000)
  region size 1024K, 36 young (36864K), 1 survivors (1024K)
 Metaspace       used 87928K, committed 89728K, reserved 1130496K
  class space    used 11017K, committed 11840K, reserved 1048576K
}
Event: 34,105 GC heap after
{Heap after GC invocations=33 (full 0):
 garbage-first heap   total 107520K, used 51509K [0x00000000c0000000, 0x0000000100000000)
  region size 1024K, 1 young (1024K), 1 survivors (1024K)
 Metaspace       used 87928K, committed 89728K, reserved 1130496K
  class space    used 11017K, committed 11840K, reserved 1048576K
}
Event: 41,053 GC heap before
{Heap before GC invocations=33 (full 0):
 garbage-first heap   total 107520K, used 87349K [0x00000000c0000000, 0x0000000100000000)
  region size 1024K, 37 young (37888K), 1 survivors (1024K)
 Metaspace       used 89091K, committed 90944K, reserved 1130496K
  class space    used 11186K, committed 12032K, reserved 1048576K
}
Event: 41,054 GC heap after
{Heap after GC invocations=34 (full 0):
 garbage-first heap   total 107520K, used 53926K [0x00000000c0000000, 0x0000000100000000)
  region size 1024K, 4 young (4096K), 4 survivors (4096K)
 Metaspace       used 89091K, committed 90944K, reserved 1130496K
  class space    used 11186K, committed 12032K, reserved 1048576K
}
Event: 51,476 GC heap before
{Heap before GC invocations=35 (full 0):
 garbage-first heap   total 107520K, used 87718K [0x00000000c0000000, 0x0000000100000000)
  region size 1024K, 37 young (37888K), 4 survivors (4096K)
 Metaspace       used 89182K, committed 91072K, reserved 1130496K
  class space    used 11186K, committed 12032K, reserved 1048576K
}
Event: 51,477 GC heap after
{Heap after GC invocations=36 (full 0):
 garbage-first heap   total 107520K, used 55935K [0x00000000c0000000, 0x0000000100000000)
  region size 1024K, 5 young (5120K), 5 survivors (5120K)
 Metaspace       used 89182K, committed 91072K, reserved 1130496K
  class space    used 11186K, committed 12032K, reserved 1048576K
}
Event: 51,486 GC heap before
{Heap before GC invocations=36 (full 0):
 garbage-first heap   total 107520K, used 56959K [0x00000000c0000000, 0x0000000100000000)
  region size 1024K, 6 young (6144K), 5 survivors (5120K)
 Metaspace       used 89195K, committed 91072K, reserved 1130496K
  class space    used 11186K, committed 12032K, reserved 1048576K
}
Event: 51,487 GC heap after
{Heap after GC invocations=37 (full 0):
 garbage-first heap   total 107520K, used 51983K [0x00000000c0000000, 0x0000000100000000)
  region size 1024K, 1 young (1024K), 1 survivors (1024K)
 Metaspace       used 89195K, committed 91072K, reserved 1130496K
  class space    used 11186K, committed 12032K, reserved 1048576K
}
Event: 55,915 GC heap before
{Heap before GC invocations=37 (full 0):
 garbage-first heap   total 107520K, used 86799K [0x00000000c0000000, 0x0000000100000000)
  region size 1024K, 35 young (35840K), 1 survivors (1024K)
 Metaspace       used 89266K, committed 91200K, reserved 1130496K
  class space    used 11188K, committed 12032K, reserved 1048576K
}
Event: 55,916 GC heap after
{Heap after GC invocations=38 (full 0):
 garbage-first heap   total 107520K, used 53680K [0x00000000c0000000, 0x0000000100000000)
  region size 1024K, 3 young (3072K), 3 survivors (3072K)
 Metaspace       used 89266K, committed 91200K, reserved 1130496K
  class space    used 11188K, committed 12032K, reserved 1048576K
}

